<?xml version="1.0" encoding="UTF-8"?>
<testsuite xmlns:xsi="http://www.w3.org/2001/XMLSchema-instance" xsi:noNamespaceSchemaLocation="https://maven.apache.org/surefire/maven-surefire-plugin/xsd/surefire-test-report-3.0.xsd" version="3.0" name="com.junit5basics.MathutillTest$addTest" time="0.003" tests="5" errors="0" skipped="1" failures="0">
  <properties>
[...]
</properties>
  <testcase name="testDiv" classname="com.junit5basics.MathutillTest" time="0.02">
    <system-out><![CDATA[Cleaning up
]]></system-out>
  </testcase>
  <testcase name="testMul" classname="com.junit5basics.MathutillTest" time="0.001">
    <system-out><![CDATA[Cleaning up
]]></system-out>
  </testcase>
  <testcase name="testSub" classname="com.junit5basics.MathutillTest" time="0">
    <skipped message="Disabled on operating system: Windows 10"/>
  </testcase>
  <testcase name="testMultiply" classname="com.junit5basics.MathutillTest" time="0.003">
    <system-out><![CDATA[Cleaning up
]]></system-out>
  </testcase>
  <testcase name="testAddpositive" classname="com.junit5basics.MathutillTest$addTest" time="0.002">
    <system-out><![CDATA[Cleaning up
]]></system-out>
  </testcase>
</testsuite>